0 info it worked if it ends with ok
1 verbose cli [ '/usr/local/bin/node',
1 verbose cli   '/usr/local/lib/node_modules/npm/bin/npm-cli.js',
1 verbose cli   'install',
1 verbose cli   'dhtml' ]
2 info using npm@4.1.2
3 info using node@v7.7.3
4 silly loadCurrentTree Starting
5 silly install loadCurrentTree
6 silly install readLocalPackageData
7 silly fetchPackageMetaData dhtml
8 silly fetchNamedPackageData dhtml
9 silly mapToRegistry name dhtml
10 silly mapToRegistry using default registry
11 silly mapToRegistry registry https://registry.npmjs.org/
12 silly mapToRegistry data Result {
12 silly mapToRegistry   raw: 'dhtml',
12 silly mapToRegistry   scope: null,
12 silly mapToRegistry   escapedName: 'dhtml',
12 silly mapToRegistry   name: 'dhtml',
12 silly mapToRegistry   rawSpec: '',
12 silly mapToRegistry   spec: 'latest',
12 silly mapToRegistry   type: 'tag' }
13 silly mapToRegistry uri https://registry.npmjs.org/dhtml
14 verbose request uri https://registry.npmjs.org/dhtml
15 verbose request no auth needed
16 info attempt registry request try #1 at 2:23:27 AM
17 verbose request using bearer token for auth
18 verbose request id bc66e0d146630263
19 verbose etag W/"542279af-17e"
20 verbose lastModified Wed, 24 Sep 2014 07:58:39 GMT
21 http request GET https://registry.npmjs.org/dhtml
22 http 304 https://registry.npmjs.org/dhtml
23 verbose headers { server: 'nginx/1.10.1',
23 verbose headers   'last-modified': 'Wed, 24 Sep 2014 07:58:39 GMT',
23 verbose headers   etag: '"542279af-17e"',
23 verbose headers   'cache-control': 'max-age=300',
23 verbose headers   'accept-ranges': 'bytes',
23 verbose headers   date: 'Tue, 11 Apr 2017 01:23:28 GMT',
23 verbose headers   via: '1.1 varnish',
23 verbose headers   connection: 'keep-alive',
23 verbose headers   'x-served-by': 'cache-lhr6345-LHR',
23 verbose headers   'x-cache': 'MISS',
23 verbose headers   'x-cache-hits': '0',
23 verbose headers   'x-timer': 'S1491873809.933747,VS0,VE17',
23 verbose headers   vary: 'Accept-Encoding' }
24 silly get cb [ 304,
24 silly get   { server: 'nginx/1.10.1',
24 silly get     'last-modified': 'Wed, 24 Sep 2014 07:58:39 GMT',
24 silly get     etag: '"542279af-17e"',
24 silly get     'cache-control': 'max-age=300',
24 silly get     'accept-ranges': 'bytes',
24 silly get     date: 'Tue, 11 Apr 2017 01:23:28 GMT',
24 silly get     via: '1.1 varnish',
24 silly get     connection: 'keep-alive',
24 silly get     'x-served-by': 'cache-lhr6345-LHR',
24 silly get     'x-cache': 'MISS',
24 silly get     'x-cache-hits': '0',
24 silly get     'x-timer': 'S1491873809.933747,VS0,VE17',
24 silly get     vary: 'Accept-Encoding' } ]
25 verbose etag https://registry.npmjs.org/dhtml from cache
26 verbose get saving dhtml to /Users/Gianluca/.npm/registry.npmjs.org/dhtml/.cache.json
27 verbose correctMkdir /Users/Gianluca/.npm correctMkdir not in flight; initializing
28 verbose stack TypeError: Cannot convert undefined or null to object
28 verbose stack     at Function.keys (<anonymous>)
28 verbose stack     at pickVersionFromRegistryDocument (/usr/local/lib/node_modules/npm/lib/fetch-package-metadata.js:126:29)
28 verbose stack     at /usr/local/lib/node_modules/npm/node_modules/iferr/index.js:13:50
28 verbose stack     at /usr/local/lib/node_modules/npm/lib/utils/pulse-till-done.js:20:8
28 verbose stack     at saved (/usr/local/lib/node_modules/npm/lib/cache/caching-client.js:174:7)
28 verbose stack     at /usr/local/lib/node_modules/npm/node_modules/graceful-fs/polyfills.js:261:18
28 verbose stack     at FSReqWrap.oncomplete (fs.js:114:15)
29 verbose cwd /Users/Gianluca/Workbench/Workspace/codebite.org
30 error Darwin 13.4.0
31 error argv "/usr/local/bin/node" "/usr/local/lib/node_modules/npm/bin/npm-cli.js" "install" "dhtml"
32 error node v7.7.3
33 error npm  v4.1.2
34 error Cannot convert undefined or null to object
35 error If you need help, you may report this error at:
35 error     <https://github.com/npm/npm/issues>
36 verbose exit [ 1, true ]
